<?xml version="1.0" encoding="UTF-8"?>
<!-- Generated by org.testng.reporters.JUnitReportReporter -->
<testsuite hostname="thirumalais-Mac-mini.local" name="TlLoginTest" tests="1" failures="0" timestamp="13 Feb 2015 13:07:14 GMT" time="21.121" errors="0">
  <testcase name="loginTest" time="21.121" classname="TlLoginTest"/>
</testsuite> <!-- TlLoginTest -->
